

Version:	3.14
CmdLine:	C:\Users\User\Documents\NetBeansProjects\KasirRestoran\KasirRestoran.exe --l4j-debug
WOW64:		yes
Working dir:	C:\Users\User\Documents\NetBeansProjects\KasirRestoran\.
Java min ver:	1.008.000_301
Java max ver:	1.008.000_500
Bundled JRE(s):	C:\Program Files\Java\jre1.8.0_301
Check launcher:	C:\Program Files\Java\jre1.8.0_301\bin\javaw.exe (OK)
Launcher:	C:\Program Files\Java\jre1.8.0_301\bin\javaw.exe
Launcher args:	-jar "C:\Users\User\Documents\NetBeansProjects\KasirRestoran\KasirRestoran.exe"
Args length:	79/32768 chars
Exit code:	0


Version:	3.14
CmdLine:	C:\Users\User\Documents\NetBeansProjects\KasirRestoran\Kasir Restoran.exe --l4j-debug
WOW64:		yes
Working dir:	C:\Users\User\Documents\NetBeansProjects\KasirRestoran\.
Java min ver:	1.008.000_301
Java max ver:	1.008.000_500
Bundled JRE(s):	C:\Program Files\Java\jre1.8.0_301
Check launcher:	C:\Program Files\Java\jre1.8.0_301\bin\javaw.exe (OK)
Launcher:	C:\Program Files\Java\jre1.8.0_301\bin\javaw.exe
Launcher args:	-jar "C:\Users\User\Documents\NetBeansProjects\KasirRestoran\Kasir Restoran.exe"
Args length:	80/32768 chars
Exit code:	0


Version:	3.14
CmdLine:	C:\Users\User\Documents\NetBeansProjects\KasirRestoran\Kasir Restoran.exe --l4j-debug
WOW64:		yes
Working dir:	C:\Users\User\Documents\NetBeansProjects\KasirRestoran\.
Java min ver:	1.008.000_301
Java max ver:	1.008.000_500
Bundled JRE(s):	C:\Program Files\Java\jre1.8.0_301
Check launcher:	C:\Program Files\Java\jre1.8.0_301\bin\javaw.exe (OK)
Launcher:	C:\Program Files\Java\jre1.8.0_301\bin\javaw.exe
Launcher args:	-jar "C:\Users\User\Documents\NetBeansProjects\KasirRestoran\Kasir Restoran.exe"
Args length:	80/32768 chars
Exit code:	0
